Using pre-set license
Built from '2021.3/china_unity/release' branch; Version is '2021.3.23f1c1 (b82b1f861975) revision 12069663'; Using compiler version '192829333'; Build Type 'Release'
OS: 'Windows 10  (10.0.19045) 64bit CoreCountrySpecific' Language: 'zh' Physical Memory: 32534 MB
BatchMode: 1, IsHumanControllingUs: 0, StartBugReporterOnCrash: 0, Is64bit: 1, IsPro: 1

COMMAND LINE ARGUMENTS:
D:\software\toolSoftware\unity\Hub\Editor\2021.3.23f1c1\Editor\Unity.exe
-adb2
-batchMode
-noUpm
-name
AssetImportWorker1
-projectPath
D:/project/unity/Robbie2
-logFile
Logs/AssetImportWorker1.log
-srvPort
7229
Successfully changed project path to: D:/project/unity/Robbie2
D:/project/unity/Robbie2
[UnityMemory] Configuration Parameters - Can be set up in boot.config
    "memorysetup-bucket-allocator-granularity=16"
    "memorysetup-bucket-allocator-bucket-count=8"
    "memorysetup-bucket-allocator-block-size=33554432"
    "memorysetup-bucket-allocator-block-count=8"
    "memorysetup-main-allocator-block-size=16777216"
    "memorysetup-thread-allocator-block-size=16777216"
    "memorysetup-gfx-main-allocator-block-size=16777216"
    "memorysetup-gfx-thread-allocator-block-size=16777216"
    "memorysetup-cache-allocator-block-size=4194304"
    "memorysetup-typetree-allocator-block-size=2097152"
    "memorysetup-profiler-bucket-allocator-granularity=16"
    "memorysetup-profiler-bucket-allocator-bucket-count=8"
    "memorysetup-profiler-bucket-allocator-block-size=33554432"
    "memorysetup-profiler-bucket-allocator-block-count=8"
    "memorysetup-profiler-allocator-block-size=16777216"
    "memorysetup-profiler-editor-allocator-block-size=1048576"
    "memorysetup-temp-allocator-size-main=16777216"
    "memorysetup-job-temp-allocator-block-size=2097152"
    "memorysetup-job-temp-allocator-block-size-background=1048576"
    "memorysetup-job-temp-allocator-reduction-small-platforms=262144"
    "memorysetup-temp-allocator-size-background-worker=32768"
    "memorysetup-temp-allocator-size-job-worker=262144"
    "memorysetup-temp-allocator-size-preload-manager=33554432"
    "memorysetup-temp-allocator-size-nav-mesh-worker=65536"
    "memorysetup-temp-allocator-size-audio-worker=65536"
    "memorysetup-temp-allocator-size-cloud-worker=32768"
    "memorysetup-temp-allocator-size-gi-baking-worker=262144"
    "memorysetup-temp-allocator-size-gfx=262144"
Player connection [14764] Host "[IP] 192.168.1.14 [Port] 0 [Flags] 2 [Guid] 846802990 [EditorId] 846802990 [Version] 1048832 [Id] WindowsEditor(7,LAPTOP-EMJ0IR93) [Debug] 1 [PackageName] WindowsEditor [ProjectName] Editor" joined multi-casting on [225.0.0.222:54997]...

Player connection [14764] Host "[IP] 192.168.1.14 [Port] 0 [Flags] 2 [Guid] 846802990 [EditorId] 846802990 [Version] 1048832 [Id] WindowsEditor(7,LAPTOP-EMJ0IR93) [Debug] 1 [PackageName] WindowsEditor [ProjectName] Editor" joined alternative multi-casting on [225.0.0.222:34997]...

AS: AutoStreaming module initializing.
Refreshing native plugins compatible for Editor in 102.12 ms, found 4 plugins.
Preloading 0 native plugins for Editor in 0.00 ms.
Initialize engine version: 2021.3.23f1c1 (b82b1f861975)
[Subsystems] Discovering subsystems at path D:/software/toolSoftware/unity/Hub/Editor/2021.3.23f1c1/Editor/Data/Resources/UnitySubsystems
[Subsystems] Discovering subsystems at path D:/project/unity/Robbie2/Assets
GfxDevice: creating device client; threaded=0; jobified=0
Direct3D:
    Version:  Direct3D 11.0 [level 11.1]
    Renderer: NVIDIA GeForce RTX 2060 (ID=0x1f15)
    Vendor:   NVIDIA
    VRAM:     5980 MB
    Driver:   30.0.15.1278
Initialize mono
Mono path[0] = 'D:/software/toolSoftware/unity/Hub/Editor/2021.3.23f1c1/Editor/Data/Managed'
Mono path[1] = 'D:/software/toolSoftware/unity/Hub/Editor/2021.3.23f1c1/Editor/Data/MonoBleedingEdge/lib/mono/unityjit-win32'
Mono config path = 'D:/software/toolSoftware/unity/Hub/Editor/2021.3.23f1c1/Editor/Data/MonoBleedingEdge/etc'
Using monoOptions --debugger-agent=transport=dt_socket,embedding=1,server=y,suspend=n,address=127.0.0.1:56264
Begin MonoManager ReloadAssembly
Registering precompiled unity dll's ...
Register platform support module: D:/software/toolSoftware/unity/Hub/Editor/2021.3.23f1c1/Editor/Data/PlaybackEngines/WindowsStandaloneSupport/UnityEditor.WindowsStandalone.Extensions.dll
Registered in 0.005048 seconds.
Native extension for WindowsStandalone target not found
Refreshing native plugins compatible for Editor in 103.63 ms, found 4 plugins.
Preloading 0 native plugins for Editor in 0.00 ms.
Mono: successfully reloaded assembly
- Completed reload, in  0.740 seconds
Domain Reload Profiling:
	ReloadAssembly (740ms)
		BeginReloadAssembly (117ms)
			ExecutionOrderSort (0ms)
			DisableScriptedObjects (0ms)
			BackupInstance (0ms)
			ReleaseScriptingObjects (0ms)
			CreateAndSetChildDomain (1ms)
		EndReloadAssembly (516ms)
			LoadAssemblies (111ms)
			RebuildTransferFunctionScriptingTraits (0ms)
			SetupTypeCache (128ms)
			ReleaseScriptCaches (0ms)
			RebuildScriptCaches (32ms)
			SetupLoadedEditorAssemblies (291ms)
				LogAssemblyErrors (0ms)
				InitializePlatformSupportModulesInManaged (8ms)
				SetLoadedEditorAssemblies (0ms)
				RefreshPlugins (104ms)
				BeforeProcessingInitializeOnLoad (2ms)
				ProcessInitializeOnLoadAttributes (125ms)
				ProcessInitializeOnLoadMethodAttributes (52ms)
				AfterProcessingInitializeOnLoad (0ms)
				EditorAssembliesLoaded (0ms)
			ExecutionOrderSort2 (0ms)
			AwakeInstancesAfterBackupRestoration (0ms)
Platform modules already initialized, skipping
Registering precompiled user dll's ...
Registered in 0.017298 seconds.
Begin MonoManager ReloadAssembly
Symbol file LoadedFromMemory doesn't match image D:\project\unity\Robbie2\Library\PackageCache\com.unity.visualscripting@1.8.0\Editor\VisualScripting.Core\Dependencies\YamlDotNet\Unity.VisualScripting.YamlDotNet.dll
Symbol file LoadedFromMemory doesn't match image D:\project\unity\Robbie2\Library\PackageCache\com.unity.visualscripting@1.8.0\Editor\VisualScripting.Core\Dependencies\DotNetZip\Unity.VisualScripting.IonicZip.dll
Native extension for WindowsStandalone target not found
Refreshing native plugins compatible for Editor in 91.88 ms, found 4 plugins.
Preloading 0 native plugins for Editor in 0.00 ms.
Mono: successfully reloaded assembly
- Completed reload, in  1.551 seconds
Domain Reload Profiling:
	ReloadAssembly (1553ms)
		BeginReloadAssembly (155ms)
			ExecutionOrderSort (0ms)
			DisableScriptedObjects (9ms)
			BackupInstance (0ms)
			ReleaseScriptingObjects (0ms)
			CreateAndSetChildDomain (20ms)
		EndReloadAssembly (1270ms)
			LoadAssemblies (129ms)
			RebuildTransferFunctionScriptingTraits (0ms)
			SetupTypeCache (278ms)
			ReleaseScriptCaches (1ms)
			RebuildScriptCaches (82ms)
			SetupLoadedEditorAssemblies (720ms)
				LogAssemblyErrors (0ms)
				InitializePlatformSupportModulesInManaged (5ms)
				SetLoadedEditorAssemblies (0ms)
				RefreshPlugins (92ms)
				BeforeProcessingInitializeOnLoad (116ms)
				ProcessInitializeOnLoadAttributes (457ms)
				ProcessInitializeOnLoadMethodAttributes (34ms)
				AfterProcessingInitializeOnLoad (17ms)
				EditorAssembliesLoaded (0ms)
			ExecutionOrderSort2 (0ms)
			AwakeInstancesAfterBackupRestoration (14ms)
Platform modules already initialized, skipping
========================================================================
Worker process is ready to serve import requests
Launched and connected shader compiler UnityShaderCompiler.exe after 0.04 seconds
Refreshing native plugins compatible for Editor in 1.07 ms, found 4 plugins.
Preloading 0 native plugins for Editor in 0.00 ms.
Unloading 3761 Unused Serialized files (Serialized files now loaded: 0)
Unloading 41 unused Assets / (229.5 KB). Loaded Objects now: 4216.
Memory consumption went from 150.7 MB to 150.4 MB.
Total: 3.920600 ms (FindLiveObjects: 0.343700 ms CreateObjectMapping: 0.349400 ms MarkObjects: 3.046600 ms  DeleteObjects: 0.179200 ms)

AssetImportParameters requested are different than current active one (requested -> active):
  custom:video-decoder-ogg-theora: a1e56fd34408186e4bbccfd4996cb3dc -> 
  custom:container-muxer-webm: aa71ff27fc2769a1b78a27578f13a17b -> 
  custom:container-demuxer-webm: 4f35f7cbe854078d1ac9338744f61a02 -> 
  custom:video-encoder-webm-vp8: eb34c28f22e8b96e1ab97ce403110664 -> 
  custom:video-codec-MediaFoundation-h265: 746d11721c4dcdbdad8f713fa42b33f4 -> 
  custom:audio-encoder-webm-vorbis: bf7c407c2cedff20999df2af8eb42d56 -> 
  custom:framework-win-MediaFoundation: 216162199b28c13a410421893ffa2e32 -> 
  custom:container-demuxer-ogg: 62fdf1f143b41e24485cea50d1cbac27 -> 
  custom:video-decoder-webm-vp8: 9c59270c3fd7afecdb556c50c9e8de78 -> 
  custom:audio-decoder-ogg-vorbis: bf7c407c2cedff20999df2af8eb42d56 -> 
========================================================================
Received Import Request.
  Time since last request: 20910.694583 seconds.
  path: Assets/Robbie/Textures/head_outline.psd
  artifactKey: Guid(fb9750d9a7af6164f94cc6d927445fd5) Importer(815301076,1909f56bfc062723c751e8b465ee728b)
Start importing Assets/Robbie/Textures/head_outline.psd using Guid(fb9750d9a7af6164f94cc6d927445fd5) Importer(815301076,1909f56bfc062723c751e8b465ee728b)  -> (artifact id: '2d09f00aa650fd3787fd619d1fcd5d86') in 0.145891 seconds 
========================================================================
Received Import Request.
  Time since last request: 0.000027 seconds.
  path: Assets/Robbie/Textures/leg_diffuse.tex.psd
  artifactKey: Guid(b206d47d02b4a2446881c52098e070e6) Importer(815301076,1909f56bfc062723c751e8b465ee728b)
Start importing Assets/Robbie/Textures/leg_diffuse.tex.psd using Guid(b206d47d02b4a2446881c52098e070e6) Importer(815301076,1909f56bfc062723c751e8b465ee728b)  -> (artifact id: 'a099cc62816ce26b8063aadcc0ed2015') in 0.034111 seconds 
========================================================================
Received Import Request.
  Time since last request: 0.000037 seconds.
  path: Assets/Robbie/Textures/head_normal_skinned.psd
  artifactKey: Guid(e9983f5ac47ce014c832b04d9d724819) Importer(815301076,1909f56bfc062723c751e8b465ee728b)
Start importing Assets/Robbie/Textures/head_normal_skinned.psd using Guid(e9983f5ac47ce014c832b04d9d724819) Importer(815301076,1909f56bfc062723c751e8b465ee728b)  -> (artifact id: '1ea61a2e753ca3246e99af85987639b0') in 0.036573 seconds 
========================================================================
Received Import Request.
  Time since last request: 0.000035 seconds.
  path: Assets/Robbie/Textures/torso_outline.psd
  artifactKey: Guid(2d31a03dd5cc1f448af3f1cb1c33e867) Importer(815301076,1909f56bfc062723c751e8b465ee728b)
Start importing Assets/Robbie/Textures/torso_outline.psd using Guid(2d31a03dd5cc1f448af3f1cb1c33e867) Importer(815301076,1909f56bfc062723c751e8b465ee728b)  -> (artifact id: '6b0c8b339a5e63ece66a4fd488dc2559') in 0.040191 seconds 
========================================================================
Received Import Request.
  Time since last request: 0.000034 seconds.
  path: Assets/Robbie/Textures/torso_normal.psd
  artifactKey: Guid(ff2a8415bbb95b24d8dad0cbc0b9292b) Importer(815301076,1909f56bfc062723c751e8b465ee728b)
Start importing Assets/Robbie/Textures/torso_normal.psd using Guid(ff2a8415bbb95b24d8dad0cbc0b9292b) Importer(815301076,1909f56bfc062723c751e8b465ee728b)  -> (artifact id: 'd2987bccb7258f7eb3398cc8af104700') in 0.028619 seconds 
========================================================================
Received Import Request.
  Time since last request: 0.000032 seconds.
  path: Assets/Robbie/Textures/hand_outline.psd
  artifactKey: Guid(7a02d4dee992ebd45b91fc3b8992643a) Importer(815301076,1909f56bfc062723c751e8b465ee728b)
Start importing Assets/Robbie/Textures/hand_outline.psd using Guid(7a02d4dee992ebd45b91fc3b8992643a) Importer(815301076,1909f56bfc062723c751e8b465ee728b)  -> (artifact id: 'bc937eb22875383bef07b46ab74831b1') in 0.033514 seconds 
========================================================================
Received Import Request.
  Time since last request: 0.000025 seconds.
  path: Assets/Robbie/Textures/head_diffuse_skin.psd
  artifactKey: Guid(464285d4ae05c3e42a870c2653bace72) Importer(815301076,1909f56bfc062723c751e8b465ee728b)
Start importing Assets/Robbie/Textures/head_diffuse_skin.psd using Guid(464285d4ae05c3e42a870c2653bace72) Importer(815301076,1909f56bfc062723c751e8b465ee728b)  -> (artifact id: 'a9d373fc9b122cc25675d505ff199368') in 0.031584 seconds 
========================================================================
Received Import Request.
  Time since last request: 0.000030 seconds.
  path: Assets/Robbie/Textures/hand_normal.psd
  artifactKey: Guid(f346ca2b1d714284ab028bfba2288241) Importer(815301076,1909f56bfc062723c751e8b465ee728b)
Start importing Assets/Robbie/Textures/hand_normal.psd using Guid(f346ca2b1d714284ab028bfba2288241) Importer(815301076,1909f56bfc062723c751e8b465ee728b)  -> (artifact id: '2bdfabb9bfbfc2c2a0c33e535679f7fa') in 0.035886 seconds 
========================================================================
Received Import Request.
  Time since last request: 3.661859 seconds.
  path: Assets/Robbie/Materials/Hand2.mat
  artifactKey: Guid(c35076801cb4d234c98d66a31c6abd2b) Importer(815301076,1909f56bfc062723c751e8b465ee728b)
Start importing Assets/Robbie/Materials/Hand2.mat using Guid(c35076801cb4d234c98d66a31c6abd2b) Importer(815301076,1909f56bfc062723c751e8b465ee728b)  -> (artifact id: '94d459f6421b2c8ac2f81f3440151309') in 0.296629 seconds 
========================================================================
Received Import Request.
  Time since last request: 0.000021 seconds.
  path: Assets/Robbie/Materials/Torso.mat
  artifactKey: Guid(166aa3f1de8ee474a9d7dbc22c4f6bc3) Importer(815301076,1909f56bfc062723c751e8b465ee728b)
Start importing Assets/Robbie/Materials/Torso.mat using Guid(166aa3f1de8ee474a9d7dbc22c4f6bc3) Importer(815301076,1909f56bfc062723c751e8b465ee728b)  -> (artifact id: 'ddea7b186a9825b5c7782c750a824adf') in 0.025525 seconds 
========================================================================
Received Import Request.
  Time since last request: 0.000037 seconds.
  path: Assets/Robbie/Materials/OutlineLegs.mat
  artifactKey: Guid(9e5161b37e6639146a03490b7a2dde1c) Importer(815301076,1909f56bfc062723c751e8b465ee728b)
Start importing Assets/Robbie/Materials/OutlineLegs.mat using Guid(9e5161b37e6639146a03490b7a2dde1c) Importer(815301076,1909f56bfc062723c751e8b465ee728b)  -> (artifact id: '6420732c1245e0be8dd16826d0939fa7') in 0.062964 seconds 
========================================================================
Received Import Request.
  Time since last request: 0.000023 seconds.
  path: Assets/Robbie/Materials/Head.mat
  artifactKey: Guid(a83a1896dc727304a9f119b94d73173b) Importer(815301076,1909f56bfc062723c751e8b465ee728b)
Start importing Assets/Robbie/Materials/Head.mat using Guid(a83a1896dc727304a9f119b94d73173b) Importer(815301076,1909f56bfc062723c751e8b465ee728b)  -> (artifact id: 'cf442cde6652302432cfa7143bb1001b') in 0.029298 seconds 
Editor requested this worker to shutdown with reason: Scaling down because of idle timeout
AssetImportWorker is now disconnected from the server
Process exiting
Exiting without the bug reporter. Application will terminate with return code 0